<?xml version="1.0" encoding="UTF-8"?>
<!-- Generated by org.testng.reporters.JUnitXMLReporter -->
<testsuite ignored="0" hostname="DESKTOP-6NQ8E1M" failures="0" tests="7" name="Test" time="87.793" errors="0" timestamp="2025-03-09T14:30:15 IST">
  <testcase classname="tests.TS001_SignUpTest" name="SignUpToDemoblaze" time="4.713"/>
  <testcase classname="tests.TS002_LoginTest" name="LoginToDemoBlaze" time="0.66"/>
  <testcase classname="tests.TS003_DashboardTest" name="seeWelcomeUserMessage" time="8.064"/>
  <testcase classname="tests.TS004_ProductDetailsTest" name="checkProductDetails" time="29.807"/>
  <testcase classname="tests.TS005_CartFunctionalityTest" name="validateCartFunctionality" time="6.582"/>
  <testcase classname="tests.TS006_PurchaseTest" name="purchaseFunctionality" time="11.952"/>
  <testcase classname="tests.TS007_LogoutTest" name="validateLogoutFunctionality" time="5.536"/>
</testsuite> <!-- Test -->
