<?xml version="1.0" encoding="UTF-8"?>
<testng-results ignored="0" total="7" passed="7" failed="0" skipped="0">
  <reporter-output>
  </reporter-output>
  <suite started-at="2025-03-09T14:28:48 IST" name="Suite" finished-at="2025-03-09T14:30:15 IST" duration-ms="87793">
    <groups>
    </groups>
    <test started-at="2025-03-09T14:28:48 IST" name="Test" finished-at="2025-03-09T14:30:15 IST" duration-ms="87793">
      <class name="tests.TS006_PurchaseTest">
        <test-method is-config="true" signature="openBrowser()[pri:0, instance:tests.TS006_PurchaseTest@68c9133c]" started-at="2025-03-09T14:29:53 IST" name="openBrowser" finished-at="2025-03-09T14:29:55 IST" duration-ms="2239" status="PASS">
          <reporter-output>
          </reporter-output>
        </test-method> <!-- openBrowser -->
        <test-method signature="purchaseFunctionality()[pri:0, instance:tests.TS006_PurchaseTest@68c9133c]" started-at="2025-03-09T14:29:55 IST" name="purchaseFunctionality" finished-at="2025-03-09T14:30:07 IST" duration-ms="11952" status="PASS">
          <reporter-output>
          </reporter-output>
        </test-method> <!-- purchaseFunctionality -->
        <test-method is-config="true" signature="takeScreenshot(org.testng.ITestResult)[pri:0, instance:tests.TS006_PurchaseTest@68c9133c]" started-at="2025-03-09T14:30:07 IST" name="takeScreenshot" finished-at="2025-03-09T14:30:07 IST" duration-ms="0" status="PASS">
          <params>
            <param index="0">
              <value>
                <![CDATA[[TestResult name=purchaseFunctionality status=SUCCESS method=TS006_PurchaseTest.purchaseFunctionality()[pri:0, instance:tests.TS006_PurchaseTest@68c9133c] output={null}]]]>
              </value>
            </param>
          </params>
          <reporter-output>
          </reporter-output>
        </test-method> <!-- takeScreenshot -->
        <test-method is-config="true" signature="tearDown()[pri:0, instance:tests.TS006_PurchaseTest@68c9133c]" started-at="2025-03-09T14:30:07 IST" name="tearDown" finished-at="2025-03-09T14:30:07 IST" duration-ms="218" status="PASS">
          <reporter-output>
          </reporter-output>
        </test-method> <!-- tearDown -->
      </class> <!-- tests.TS006_PurchaseTest -->
      <class name="tests.TS003_DashboardTest">
        <test-method is-config="true" signature="openBrowser()[pri:0, instance:tests.TS003_DashboardTest@606e4010]" started-at="2025-03-09T14:29:00 IST" name="openBrowser" finished-at="2025-03-09T14:29:03 IST" duration-ms="2517" status="PASS">
          <reporter-output>
          </reporter-output>
        </test-method> <!-- openBrowser -->
        <test-method signature="seeWelcomeUserMessage()[pri:0, instance:tests.TS003_DashboardTest@606e4010]" started-at="2025-03-09T14:29:03 IST" name="seeWelcomeUserMessage" finished-at="2025-03-09T14:29:11 IST" duration-ms="8064" status="PASS">
          <reporter-output>
          </reporter-output>
        </test-method> <!-- seeWelcomeUserMessage -->
        <test-method is-config="true" signature="tearDown()[pri:0, instance:tests.TS003_DashboardTest@606e4010]" started-at="2025-03-09T14:29:11 IST" name="tearDown" finished-at="2025-03-09T14:29:11 IST" duration-ms="169" status="PASS">
          <reporter-output>
          </reporter-output>
        </test-method> <!-- tearDown -->
        <test-method is-config="true" signature="takeScreenshot(org.testng.ITestResult)[pri:0, instance:tests.TS003_DashboardTest@606e4010]" started-at="2025-03-09T14:29:11 IST" name="takeScreenshot" finished-at="2025-03-09T14:29:11 IST" duration-ms="0" status="PASS">
          <params>
            <param index="0">
              <value>
                <![CDATA[[TestResult name=seeWelcomeUserMessage status=SUCCESS method=TS003_DashboardTest.seeWelcomeUserMessage()[pri:0, instance:tests.TS003_DashboardTest@606e4010] output={null}]]]>
              </value>
            </param>
          </params>
          <reporter-output>
          </reporter-output>
        </test-method> <!-- takeScreenshot -->
      </class> <!-- tests.TS003_DashboardTest -->
      <class name="tests.TS001_SignUpTest">
        <test-method is-config="true" signature="openBrowser()[pri:0, instance:tests.TS001_SignUpTest@7674f035]" started-at="2025-03-09T14:28:48 IST" name="openBrowser" finished-at="2025-03-09T14:28:52 IST" duration-ms="3996" status="PASS">
          <reporter-output>
          </reporter-output>
        </test-method> <!-- openBrowser -->
        <test-method signature="SignUpToDemoblaze()[pri:0, instance:tests.TS001_SignUpTest@7674f035]" started-at="2025-03-09T14:28:52 IST" name="SignUpToDemoblaze" finished-at="2025-03-09T14:28:56 IST" duration-ms="4713" status="PASS">
          <reporter-output>
          </reporter-output>
        </test-method> <!-- SignUpToDemoblaze -->
        <test-method is-config="true" signature="takeScreenshot(org.testng.ITestResult)[pri:0, instance:tests.TS001_SignUpTest@7674f035]" started-at="2025-03-09T14:28:56 IST" name="takeScreenshot" finished-at="2025-03-09T14:28:56 IST" duration-ms="5" status="PASS">
          <params>
            <param index="0">
              <value>
                <![CDATA[[TestResult name=SignUpToDemoblaze status=SUCCESS method=TS001_SignUpTest.SignUpToDemoblaze()[pri:0, instance:tests.TS001_SignUpTest@7674f035] output={null}]]]>
              </value>
            </param>
          </params>
          <reporter-output>
          </reporter-output>
        </test-method> <!-- takeScreenshot -->
        <test-method is-config="true" signature="tearDown()[pri:0, instance:tests.TS001_SignUpTest@7674f035]" started-at="2025-03-09T14:28:56 IST" name="tearDown" finished-at="2025-03-09T14:28:57 IST" duration-ms="339" status="PASS">
          <reporter-output>
          </reporter-output>
        </test-method> <!-- tearDown -->
      </class> <!-- tests.TS001_SignUpTest -->
      <class name="tests.TS005_CartFunctionalityTest">
        <test-method is-config="true" signature="openBrowser()[pri:0, instance:tests.TS005_CartFunctionalityTest@48075da3]" started-at="2025-03-09T14:29:44 IST" name="openBrowser" finished-at="2025-03-09T14:29:46 IST" duration-ms="2227" status="PASS">
          <reporter-output>
          </reporter-output>
        </test-method> <!-- openBrowser -->
        <test-method signature="validateCartFunctionality()[pri:0, instance:tests.TS005_CartFunctionalityTest@48075da3]" started-at="2025-03-09T14:29:46 IST" name="validateCartFunctionality" finished-at="2025-03-09T14:29:52 IST" duration-ms="6582" status="PASS">
          <reporter-output>
          </reporter-output>
        </test-method> <!-- validateCartFunctionality -->
        <test-method is-config="true" signature="takeScreenshot(org.testng.ITestResult)[pri:0, instance:tests.TS005_CartFunctionalityTest@48075da3]" started-at="2025-03-09T14:29:52 IST" name="takeScreenshot" finished-at="2025-03-09T14:29:52 IST" duration-ms="0" status="PASS">
          <params>
            <param index="0">
              <value>
                <![CDATA[[TestResult name=validateCartFunctionality status=SUCCESS method=TS005_CartFunctionalityTest.validateCartFunctionality()[pri:0, instance:tests.TS005_CartFunctionalityTest@48075da3] output={null}]]]>
              </value>
            </param>
          </params>
          <reporter-output>
          </reporter-output>
        </test-method> <!-- takeScreenshot -->
        <test-method is-config="true" signature="tearDown()[pri:0, instance:tests.TS005_CartFunctionalityTest@48075da3]" started-at="2025-03-09T14:29:52 IST" name="tearDown" finished-at="2025-03-09T14:29:53 IST" duration-ms="287" status="PASS">
          <reporter-output>
          </reporter-output>
        </test-method> <!-- tearDown -->
      </class> <!-- tests.TS005_CartFunctionalityTest -->
      <class name="tests.TS004_ProductDetailsTest">
        <test-method is-config="true" signature="openBrowser()[pri:0, instance:tests.TS004_ProductDetailsTest@8458f04]" started-at="2025-03-09T14:29:11 IST" name="openBrowser" finished-at="2025-03-09T14:29:14 IST" duration-ms="2289" status="PASS">
          <reporter-output>
          </reporter-output>
        </test-method> <!-- openBrowser -->
        <test-method signature="checkProductDetails()[pri:0, instance:tests.TS004_ProductDetailsTest@8458f04]" started-at="2025-03-09T14:29:14 IST" name="checkProductDetails" finished-at="2025-03-09T14:29:43 IST" duration-ms="29807" status="PASS">
          <reporter-output>
          </reporter-output>
        </test-method> <!-- checkProductDetails -->
        <test-method is-config="true" signature="takeScreenshot(org.testng.ITestResult)[pri:0, instance:tests.TS004_ProductDetailsTest@8458f04]" started-at="2025-03-09T14:29:43 IST" name="takeScreenshot" finished-at="2025-03-09T14:29:43 IST" duration-ms="0" status="PASS">
          <params>
            <param index="0">
              <value>
                <![CDATA[[TestResult name=checkProductDetails status=SUCCESS method=TS004_ProductDetailsTest.checkProductDetails()[pri:0, instance:tests.TS004_ProductDetailsTest@8458f04] output={null}]]]>
              </value>
            </param>
          </params>
          <reporter-output>
          </reporter-output>
        </test-method> <!-- takeScreenshot -->
        <test-method is-config="true" signature="tearDown()[pri:0, instance:tests.TS004_ProductDetailsTest@8458f04]" started-at="2025-03-09T14:29:43 IST" name="tearDown" finished-at="2025-03-09T14:29:44 IST" duration-ms="198" status="PASS">
          <reporter-output>
          </reporter-output>
        </test-method> <!-- tearDown -->
      </class> <!-- tests.TS004_ProductDetailsTest -->
      <class name="tests.TS007_LogoutTest">
        <test-method is-config="true" signature="openBrowser()[pri:0, instance:tests.TS007_LogoutTest@7a35b0f5]" started-at="2025-03-09T14:30:07 IST" name="openBrowser" finished-at="2025-03-09T14:30:10 IST" duration-ms="2605" status="PASS">
          <reporter-output>
          </reporter-output>
        </test-method> <!-- openBrowser -->
        <test-method signature="validateLogoutFunctionality()[pri:0, instance:tests.TS007_LogoutTest@7a35b0f5]" started-at="2025-03-09T14:30:10 IST" name="validateLogoutFunctionality" finished-at="2025-03-09T14:30:15 IST" duration-ms="5536" status="PASS">
          <reporter-output>
          </reporter-output>
        </test-method> <!-- validateLogoutFunctionality -->
        <test-method is-config="true" signature="tearDown()[pri:0, instance:tests.TS007_LogoutTest@7a35b0f5]" started-at="2025-03-09T14:30:15 IST" name="tearDown" finished-at="2025-03-09T14:30:15 IST" duration-ms="191" status="PASS">
          <reporter-output>
          </reporter-output>
        </test-method> <!-- tearDown -->
        <test-method is-config="true" signature="takeScreenshot(org.testng.ITestResult)[pri:0, instance:tests.TS007_LogoutTest@7a35b0f5]" started-at="2025-03-09T14:30:15 IST" name="takeScreenshot" finished-at="2025-03-09T14:30:15 IST" duration-ms="0" status="PASS">
          <params>
            <param index="0">
              <value>
                <![CDATA[[TestResult name=validateLogoutFunctionality status=SUCCESS method=TS007_LogoutTest.validateLogoutFunctionality()[pri:0, instance:tests.TS007_LogoutTest@7a35b0f5] output={null}]]]>
              </value>
            </param>
          </params>
          <reporter-output>
          </reporter-output>
        </test-method> <!-- takeScreenshot -->
      </class> <!-- tests.TS007_LogoutTest -->
      <class name="tests.TS002_LoginTest">
        <test-method is-config="true" signature="openBrowser()[pri:0, instance:tests.TS002_LoginTest@18271936]" started-at="2025-03-09T14:28:57 IST" name="openBrowser" finished-at="2025-03-09T14:29:00 IST" duration-ms="2896" status="PASS">
          <reporter-output>
          </reporter-output>
        </test-method> <!-- openBrowser -->
        <test-method signature="LoginToDemoBlaze()[pri:0, instance:tests.TS002_LoginTest@18271936]" started-at="2025-03-09T14:29:00 IST" name="LoginToDemoBlaze" finished-at="2025-03-09T14:29:00 IST" duration-ms="660" status="PASS">
          <reporter-output>
          </reporter-output>
        </test-method> <!-- LoginToDemoBlaze -->
        <test-method is-config="true" signature="tearDown()[pri:0, instance:tests.TS002_LoginTest@18271936]" started-at="2025-03-09T14:29:00 IST" name="tearDown" finished-at="2025-03-09T14:29:00 IST" duration-ms="210" status="PASS">
          <reporter-output>
          </reporter-output>
        </test-method> <!-- tearDown -->
        <test-method is-config="true" signature="takeScreenshot(org.testng.ITestResult)[pri:0, instance:tests.TS002_LoginTest@18271936]" started-at="2025-03-09T14:29:00 IST" name="takeScreenshot" finished-at="2025-03-09T14:29:00 IST" duration-ms="0" status="PASS">
          <params>
            <param index="0">
              <value>
                <![CDATA[[TestResult name=LoginToDemoBlaze status=SUCCESS method=TS002_LoginTest.LoginToDemoBlaze()[pri:0, instance:tests.TS002_LoginTest@18271936] output={null}]]]>
              </value>
            </param>
          </params>
          <reporter-output>
          </reporter-output>
        </test-method> <!-- takeScreenshot -->
      </class> <!-- tests.TS002_LoginTest -->
    </test> <!-- Test -->
  </suite> <!-- Suite -->
</testng-results>
